<?xml version="1.0" encoding="UTF-8"?>
<!-- Generated by org.testng.reporters.JUnitReportReporter -->
<testsuite hostname="HemantV" failures="0" tests="2" name="sampleMavenDemo.seleniumTest" time="0.003" errors="0" timestamp="2021-01-25T12:04:57 IST" skipped="0">
  <testcase classname="sampleMavenDemo.seleniumTest" name="BrowserAutomation" time="0.003"/>
  <system-out/>
  <testcase classname="sampleMavenDemo.seleniumTest" name="PerformAction" time="0.000"/>
  <system-out/>
</testsuite> <!-- sampleMavenDemo.seleniumTest -->
