<?xml version="1.0" encoding="UTF-8"?>
<!-- Generated by org.testng.reporters.JUnitReportReporter -->
<testsuite hostname="HemantV" failures="0" tests="2" name="sampleMavenDemo.MavenTest" time="0.003" errors="0" timestamp="2021-01-25T12:04:57 IST" skipped="0">
  <testcase classname="sampleMavenDemo.MavenTest" name="nativeApp" time="0.002"/>
  <system-out/>
  <testcase classname="sampleMavenDemo.MavenTest" name="androidApp" time="0.001"/>
  <system-out/>
</testsuite> <!-- sampleMavenDemo.MavenTest -->
